# JRE version: OpenJDK Runtime Environment (11.0.8+10) (build 11.0.8+10-post-Ubuntu-0ubuntu118.04.1)
# Java VM: OpenJDK 64-Bit Server VM (11.0.8+10-post-Ubuntu-0ubuntu118.04.1, mixed mode, sharing, tiered, compressed oops, serial gc, linux-amd64)
Heap:
 def new generation   total 2432K, used 825K [0x00000000f8000000, 0x00000000f82a0000, 0x00000000faaa0000)
  eden space 2176K,  36% used [0x00000000f8000000, 0x00000000f80c6de0, 0x00000000f8220000)
  from space 256K,  11% used [0x00000000f8260000, 0x00000000f8267a18, 0x00000000f82a0000)
  to   space 256K,   0% used [0x00000000f8220000, 0x00000000f8220000, 0x00000000f8260000)
 tenured generation   total 5504K, used 5115K [0x00000000faaa0000, 0x00000000fb000000, 0x0000000100000000)
   the space 5504K,  92% used [0x00000000faaa0000, 0x00000000faf9ed70, 0x00000000faf9ee00, 0x00000000fb000000)
 Metaspace       used 9430K, capacity 9796K, committed 10112K, reserved 1058816K
  class space    used 912K, capacity 1092K, committed 1152K, reserved 1048576K
GC Heap History (20 events):
Event: 201.703 GC heap before
{Heap before GC invocations=13 (full 0):
 def new generation   total 2432K, used 2224K [0x00000000f8000000, 0x00000000f82a0000, 0x00000000faaa0000)
  eden space 2176K, 100% used [0x00000000f8000000, 0x00000000f8220000, 0x00000000f8220000)
  from space 256K,  18% used [0x00000000f8260000, 0x00000000f826c090, 0x00000000f82a0000)
  to   space 256K,   0% used [0x00000000f8220000, 0x00000000f8220000, 0x00000000f8260000)
 tenured generation   total 5504K, used 5095K [0x00000000faaa0000, 0x00000000fb000000, 0x0000000100000000)
   the space 5504K,  92% used [0x00000000faaa0000, 0x00000000faf99f78, 0x00000000faf9a000, 0x00000000fb000000)
 Metaspace       used 9427K, capacity 9796K, committed 10112K, reserved 1058816K
  class space    used 912K, capacity 1092K, committed 1152K, reserved 1048576K
}
Event: 201.704 GC heap after
{Heap after GC invocations=14 (full 0):
 def new generation   total 2432K, used 48K [0x00000000f8000000, 0x00000000f82a0000, 0x00000000faaa0000)
  eden space 2176K,   0% used [0x00000000f8000000, 0x00000000f8000000, 0x00000000f8220000)
  from space 256K,  18% used [0x00000000f8220000, 0x00000000f822c090, 0x00000000f8260000)
  to   space 256K,   0% used [0x00000000f8260000, 0x00000000f8260000, 0x00000000f82a0000)
 tenured generation   total 5504K, used 5095K [0x00000000faaa0000, 0x00000000fb000000, 0x0000000100000000)
   the space 5504K,  92% used [0x00000000faaa0000, 0x00000000faf99f78, 0x00000000faf9a000, 0x00000000fb000000)
 Metaspace       used 9427K, capacity 9796K, committed 10112K, reserved 1058816K
  class space    used 912K, capacity 1092K, committed 1152K, reserved 1048576K
}
Event: 243.002 GC heap before
{Heap before GC invocations=14 (full 0):
 def new generation   total 2432K, used 2224K [0x00000000f8000000, 0x00000000f82a0000, 0x00000000faaa0000)
  eden space 2176K, 100% used [0x00000000f8000000, 0x00000000f8220000, 0x00000000f8220000)
  from space 256K,  18% used [0x00000000f8220000, 0x00000000f822c090, 0x00000000f8260000)
  to   space 256K,   0% used [0x00000000f8260000, 0x00000000f8260000, 0x00000000f82a0000)
 tenured generation   total 5504K, used 5095K [0x00000000faaa0000, 0x00000000fb000000, 0x0000000100000000)
   the space 5504K,  92% used [0x00000000faaa0000, 0x00000000faf99f78, 0x00000000faf9a000, 0x00000000fb000000)
 Metaspace       used 9427K, capacity 9796K, committed 10112K, reserved 1058816K
  class space    used 912K, capacity 1092K, committed 1152K, reserved 1048576K
}
Event: 243.004 GC heap after
{Heap after GC invocations=15 (full 0):
 def new generation   total 2432K, used 48K [0x00000000f8000000, 0x00000000f82a0000, 0x00000000faaa0000)
  eden space 2176K,   0% used [0x00000000f8000000, 0x00000000f8000000, 0x00000000f8220000)
  from space 256K,  18% used [0x00000000f8260000, 0x00000000f826c090, 0x00000000f82a0000)
  to   space 256K,   0% used [0x00000000f8220000, 0x00000000f8220000, 0x00000000f8260000)
 tenured generation   total 5504K, used 5095K [0x00000000faaa0000, 0x00000000fb000000, 0x0000000100000000)
   the space 5504K,  92% used [0x00000000faaa0000, 0x00000000faf99f78, 0x00000000faf9a000, 0x00000000fb000000)
 Metaspace       used 9427K, capacity 9796K, committed 10112K, reserved 1058816K
  class space    used 912K, capacity 1092K, committed 1152K, reserved 1048576K
}
Event: 281.618 GC heap before
{Heap before GC invocations=15 (full 0):
 def new generation   total 2432K, used 2224K [0x00000000f8000000, 0x00000000f82a0000, 0x00000000faaa0000)
  eden space 2176K, 100% used [0x00000000f8000000, 0x00000000f8220000, 0x00000000f8220000)
  from space 256K,  18% used [0x00000000f8260000, 0x00000000f826c090, 0x00000000f82a0000)
  to   space 256K,   0% used [0x00000000f8220000, 0x00000000f8220000, 0x00000000f8260000)
 tenured generation   total 5504K, used 5095K [0x00000000faaa0000, 0x00000000fb000000, 0x0000000100000000)
   the space 5504K,  92% used [0x00000000faaa0000, 0x00000000faf99f78, 0x00000000faf9a000, 0x00000000fb000000)
 Metaspace       used 9427K, capacity 9796K, committed 10112K, reserved 1058816K
  class space    used 912K, capacity 1092K, committed 1152K, reserved 1048576K
}
Event: 281.621 GC heap after
{Heap after GC invocations=16 (full 0):
 def new generation   total 2432K, used 48K [0x00000000f8000000, 0x00000000f82a0000, 0x00000000faaa0000)
  eden space 2176K,   0% used [0x00000000f8000000, 0x00000000f8000000, 0x00000000f8220000)
  from space 256K,  18% used [0x00000000f8220000, 0x00000000f822c218, 0x00000000f8260000)
  to   space 256K,   0% used [0x00000000f8260000, 0x00000000f8260000, 0x00000000f82a0000)
 tenured generation   total 5504K, used 5095K [0x00000000faaa0000, 0x00000000fb000000, 0x0000000100000000)
   the space 5504K,  92% used [0x00000000faaa0000, 0x00000000faf99f78, 0x00000000faf9a000, 0x00000000fb000000)
 Metaspace       used 9427K, capacity 9796K, committed 10112K, reserved 1058816K
  class space    used 912K, capacity 1092K, committed 1152K, reserved 1048576K
}
Event: 307.603 GC heap before
{Heap before GC invocations=16 (full 0):
 def new generation   total 2432K, used 2224K [0x00000000f8000000, 0x00000000f82a0000, 0x00000000faaa0000)
  eden space 2176K, 100% used [0x00000000f8000000, 0x00000000f8220000, 0x00000000f8220000)
  from space 256K,  18% used [0x00000000f8220000, 0x00000000f822c218, 0x00000000f8260000)
  to   space 256K,   0% used [0x00000000f8260000, 0x00000000f8260000, 0x00000000f82a0000)
 tenured generation   total 5504K, used 5095K [0x00000000faaa0000, 0x00000000fb000000, 0x0000000100000000)
   the space 5504K,  92% used [0x00000000faaa0000, 0x00000000faf99f78, 0x00000000faf9a000, 0x00000000fb000000)
 Metaspace       used 9427K, capacity 9796K, committed 10112K, reserved 1058816K
  class space    used 912K, capacity 1092K, committed 1152K, reserved 1048576K
}
Event: 307.604 GC heap after
{Heap after GC invocations=17 (full 0):
 def new generation   total 2432K, used 49K [0x00000000f8000000, 0x00000000f82a0000, 0x00000000faaa0000)
  eden space 2176K,   0% used [0x00000000f8000000, 0x00000000f8000000, 0x00000000f8220000)
  from space 256K,  19% used [0x00000000f8260000, 0x00000000f826c5a0, 0x00000000f82a0000)
  to   space 256K,   0% used [0x00000000f8220000, 0x00000000f8220000, 0x00000000f8260000)
 tenured generation   total 5504K, used 5095K [0x00000000faaa0000, 0x00000000fb000000, 0x0000000100000000)
   the space 5504K,  92% used [0x00000000faaa0000, 0x00000000faf99f78, 0x00000000faf9a000, 0x00000000fb000000)
 Metaspace       used 9427K, capacity 9796K, committed 10112K, reserved 1058816K
  class space    used 912K, capacity 1092K, committed 1152K, reserved 1048576K
}
Event: 334.268 GC heap before
{Heap before GC invocations=17 (full 0):
 def new generation   total 2432K, used 2225K [0x00000000f8000000, 0x00000000f82a0000, 0x00000000faaa0000)
  eden space 2176K, 100% used [0x00000000f8000000, 0x00000000f8220000, 0x00000000f8220000)
  from space 256K,  19% used [0x00000000f8260000, 0x00000000f826c5a0, 0x00000000f82a0000)
  to   space 256K,   0% used [0x00000000f8220000, 0x00000000f8220000, 0x00000000f8260000)
 tenured generation   total 5504K, used 5095K [0x00000000faaa0000, 0x00000000fb000000, 0x0000000100000000)
   the space 5504K,  92% used [0x00000000faaa0000, 0x00000000faf99f78, 0x00000000faf9a000, 0x00000000fb000000)
 Metaspace       used 9427K, capacity 9796K, committed 10112K, reserved 1058816K
  class space    used 912K, capacity 1092K, committed 1152K, reserved 1048576K
}
Event: 334.269 GC heap after
{Heap after GC invocations=18 (full 0):
 def new generation   total 2432K, used 50K [0x00000000f8000000, 0x00000000f82a0000, 0x00000000faaa0000)
  eden space 2176K,   0% used [0x00000000f8000000, 0x00000000f8000000, 0x00000000f8220000)
  from space 256K,  19% used [0x00000000f8220000, 0x00000000f822c810, 0x00000000f8260000)
  to   space 256K,   0% used [0x00000000f8260000, 0x00000000f8260000, 0x00000000f82a0000)
 tenured generation   total 5504K, used 5095K [0x00000000faaa0000, 0x00000000fb000000, 0x0000000100000000)
   the space 5504K,  92% used [0x00000000faaa0000, 0x00000000faf99f78, 0x00000000faf9a000, 0x00000000fb000000)
 Metaspace       used 9427K, capacity 9796K, committed 10112K, reserved 1058816K
  class space    used 912K, capacity 1092K, committed 1152K, reserved 1048576K
}
Event: 362.237 GC heap before
{Heap before GC invocations=18 (full 0):
 def new generation   total 2432K, used 2226K [0x00000000f8000000, 0x00000000f82a0000, 0x00000000faaa0000)
  eden space 2176K, 100% used [0x00000000f8000000, 0x00000000f8220000, 0x00000000f8220000)
  from space 256K,  19% used [0x00000000f8220000, 0x00000000f822c810, 0x00000000f8260000)
  to   space 256K,   0% used [0x00000000f8260000, 0x00000000f8260000, 0x00000000f82a0000)
 tenured generation   total 5504K, used 5095K [0x00000000faaa0000, 0x00000000fb000000, 0x0000000100000000)
   the space 5504K,  92% used [0x00000000faaa0000, 0x00000000faf99f78, 0x00000000faf9a000, 0x00000000fb000000)
 Metaspace       used 9427K, capacity 9796K, committed 10112K, reserved 1058816K
  class space    used 912K, capacity 1092K, committed 1152K, reserved 1048576K
}
Event: 362.238 GC heap after
{Heap after GC invocations=19 (full 0):
 def new generation   total 2432K, used 50K [0x00000000f8000000, 0x00000000f82a0000, 0x00000000faaa0000)
  eden space 2176K,   0% used [0x00000000f8000000, 0x00000000f8000000, 0x00000000f8220000)
  from space 256K,  19% used [0x00000000f8260000, 0x00000000f826c8e0, 0x00000000f82a0000)
  to   space 256K,   0% used [0x00000000f8220000, 0x00000000f8220000, 0x00000000f8260000)
 tenured generation   total 5504K, used 5095K [0x00000000faaa0000, 0x00000000fb000000, 0x0000000100000000)
   the space 5504K,  92% used [0x00000000faaa0000, 0x00000000faf99f78, 0x00000000faf9a000, 0x00000000fb000000)
 Metaspace       used 9427K, capacity 9796K, committed 10112K, reserved 1058816K
  class space    used 912K, capacity 1092K, committed 1152K, reserved 1048576K
}
Event: 388.947 GC heap before
{Heap before GC invocations=19 (full 0):
 def new generation   total 2432K, used 2226K [0x00000000f8000000, 0x00000000f82a0000, 0x00000000faaa0000)
  eden space 2176K, 100% used [0x00000000f8000000, 0x00000000f8220000, 0x00000000f8220000)
  from space 256K,  19% used [0x00000000f8260000, 0x00000000f826c8e0, 0x00000000f82a0000)
  to   space 256K,   0% used [0x00000000f8220000, 0x00000000f8220000, 0x00000000f8260000)
 tenured generation   total 5504K, used 5095K [0x00000000faaa0000, 0x00000000fb000000, 0x0000000100000000)
   the space 5504K,  92% used [0x00000000faaa0000, 0x00000000faf99f78, 0x00000000faf9a000, 0x00000000fb000000)
 Metaspace       used 9427K, capacity 9796K, committed 10112K, reserved 1058816K
  class space    used 912K, capacity 1092K, committed 1152K, reserved 1048576K
}
Event: 388.948 GC heap after
{Heap after GC invocations=20 (full 0):
 def new generation   total 2432K, used 50K [0x00000000f8000000, 0x00000000f82a0000, 0x00000000faaa0000)
  eden space 2176K,   0% used [0x00000000f8000000, 0x00000000f8000000, 0x00000000f8220000)
  from space 256K,  19% used [0x00000000f8220000, 0x00000000f822c810, 0x00000000f8260000)
  to   space 256K,   0% used [0x00000000f8260000, 0x00000000f8260000, 0x00000000f82a0000)
 tenured generation   total 5504K, used 5095K [0x00000000faaa0000, 0x00000000fb000000, 0x0000000100000000)
   the space 5504K,  92% used [0x00000000faaa0000, 0x00000000faf99f78, 0x00000000faf9a000, 0x00000000fb000000)
 Metaspace       used 9427K, capacity 9796K, committed 10112K, reserved 1058816K
  class space    used 912K, capacity 1092K, committed 1152K, reserved 1048576K
}
Event: 415.524 GC heap before
{Heap before GC invocations=20 (full 0):
 def new generation   total 2432K, used 2226K [0x00000000f8000000, 0x00000000f82a0000, 0x00000000faaa0000)
  eden space 2176K, 100% used [0x00000000f8000000, 0x00000000f8220000, 0x00000000f8220000)
  from space 256K,  19% used [0x00000000f8220000, 0x00000000f822c810, 0x00000000f8260000)
  to   space 256K,   0% used [0x00000000f8260000, 0x00000000f8260000, 0x00000000f82a0000)
 tenured generation   total 5504K, used 5095K [0x00000000faaa0000, 0x00000000fb000000, 0x0000000100000000)
   the space 5504K,  92% used [0x00000000faaa0000, 0x00000000faf99f78, 0x00000000faf9a000, 0x00000000fb000000)
 Metaspace       used 9427K, capacity 9796K, committed 10112K, reserved 1058816K
  class space    used 912K, capacity 1092K, committed 1152K, reserved 1048576K
}
Event: 415.525 GC heap after
{Heap after GC invocations=21 (full 0):
 def new generation   total 2432K, used 50K [0x00000000f8000000, 0x00000000f82a0000, 0x00000000faaa0000)
  eden space 2176K,   0% used [0x00000000f8000000, 0x00000000f8000000, 0x00000000f8220000)
  from space 256K,  19% used [0x00000000f8260000, 0x00000000f826c810, 0x00000000f82a0000)
  to   space 256K,   0% used [0x00000000f8220000, 0x00000000f8220000, 0x00000000f8260000)
 tenured generation   total 5504K, used 5095K [0x00000000faaa0000, 0x00000000fb000000, 0x0000000100000000)
   the space 5504K,  92% used [0x00000000faaa0000, 0x00000000faf99f78, 0x00000000faf9a000, 0x00000000fb000000)
 Metaspace       used 9427K, capacity 9796K, committed 10112K, reserved 1058816K
  class space    used 912K, capacity 1092K, committed 1152K, reserved 1048576K
}
Event: 441.990 GC heap before
{Heap before GC invocations=21 (full 0):
 def new generation   total 2432K, used 2226K [0x00000000f8000000, 0x00000000f82a0000, 0x00000000faaa0000)
  eden space 2176K, 100% used [0x00000000f8000000, 0x00000000f8220000, 0x00000000f8220000)
  from space 256K,  19% used [0x00000000f8260000, 0x00000000f826c810, 0x00000000f82a0000)
  to   space 256K,   0% used [0x00000000f8220000, 0x00000000f8220000, 0x00000000f8260000)
 tenured generation   total 5504K, used 5095K [0x00000000faaa0000, 0x00000000fb000000, 0x0000000100000000)
   the space 5504K,  92% used [0x00000000faaa0000, 0x00000000faf99f78, 0x00000000faf9a000, 0x00000000fb000000)
 Metaspace       used 9427K, capacity 9796K, committed 10112K, reserved 1058816K
  class space    used 912K, capacity 1092K, committed 1152K, reserved 1048576K
}
Event: 441.991 GC heap after
{Heap after GC invocations=22 (full 0):
 def new generation   total 2432K, used 50K [0x00000000f8000000, 0x00000000f82a0000, 0x00000000faaa0000)
  eden space 2176K,   0% used [0x00000000f8000000, 0x00000000f8000000, 0x00000000f8220000)
  from space 256K,  19% used [0x00000000f8220000, 0x00000000f822c810, 0x00000000f8260000)
  to   space 256K,   0% used [0x00000000f8260000, 0x00000000f8260000, 0x00000000f82a0000)
 tenured generation   total 5504K, used 5095K [0x00000000faaa0000, 0x00000000fb000000, 0x0000000100000000)
   the space 5504K,  92% used [0x00000000faaa0000, 0x00000000faf99f78, 0x00000000faf9a000, 0x00000000fb000000)
 Metaspace       used 9427K, capacity 9796K, committed 10112K, reserved 1058816K
  class space    used 912K, capacity 1092K, committed 1152K, reserved 1048576K
}
Event: 472.521 GC heap before
{Heap before GC invocations=22 (full 0):
 def new generation   total 2432K, used 2226K [0x00000000f8000000, 0x00000000f82a0000, 0x00000000faaa0000)
  eden space 2176K, 100% used [0x00000000f8000000, 0x00000000f8220000, 0x00000000f8220000)
  from space 256K,  19% used [0x00000000f8220000, 0x00000000f822c810, 0x00000000f8260000)
  to   space 256K,   0% used [0x00000000f8260000, 0x00000000f8260000, 0x00000000f82a0000)
 tenured generation   total 5504K, used 5095K [0x00000000faaa0000, 0x00000000fb000000, 0x0000000100000000)
   the space 5504K,  92% used [0x00000000faaa0000, 0x00000000faf99f78, 0x00000000faf9a000, 0x00000000fb000000)
 Metaspace       used 9427K, capacity 9796K, committed 10112K, reserved 1058816K
  class space    used 912K, capacity 1092K, committed 1152K, reserved 1048576K
}
Event: 472.597 GC heap after
{Heap after GC invocations=23 (full 0):
 def new generation   total 2432K, used 30K [0x00000000f8000000, 0x00000000f82a0000, 0x00000000faaa0000)
  eden space 2176K,   0% used [0x00000000f8000000, 0x00000000f8000000, 0x00000000f8220000)
  from space 256K,  11% used [0x00000000f8260000, 0x00000000f8267a18, 0x00000000f82a0000)
  to   space 256K,   0% used [0x00000000f8220000, 0x00000000f8220000, 0x00000000f8260000)
 tenured generation   total 5504K, used 5115K [0x00000000faaa0000, 0x00000000fb000000, 0x0000000100000000)
   the space 5504K,  92% used [0x00000000faaa0000, 0x00000000faf9ed70, 0x00000000faf9ee00, 0x00000000fb000000)
 Metaspace       used 9427K, capacity 9796K, committed 10112K, reserved 1058816K
  class space    used 912K, capacity 1092K, committed 1152K, reserved 1048576K
}

